[debug] [2020-07-15T00:17:10.364Z] ----------------------------------------------------------------------
[debug] [2020-07-15T00:17:10.366Z] Command:       /usr/local/bin/node /usr/local/bin/firebase serve
[debug] [2020-07-15T00:17:10.366Z] CLI Version:   8.5.0
[debug] [2020-07-15T00:17:10.366Z] Platform:      darwin
[debug] [2020-07-15T00:17:10.366Z] Node Version:  v12.17.0
[debug] [2020-07-15T00:17:10.367Z] Time:          Tue Jul 14 2020 18:17:10 GMT-0600 (Mountain Daylight Time)
[debug] [2020-07-15T00:17:10.367Z] ----------------------------------------------------------------------
[debug] [2020-07-15T00:17:10.368Z] 
[debug] [2020-07-15T00:17:10.377Z] > command requires scopes: ["email","openid","https://www.googleapis.com/auth/cloudplatformprojects.readonly","https://www.googleapis.com/auth/firebase","https://www.googleapis.com/auth/cloud-platform"]
[debug] [2020-07-15T00:17:10.377Z] > authorizing via signed-in user
[debug] [2020-07-15T00:17:10.377Z] [iam] checking project sym-ref for permissions ["firebase.projects.get"]
[debug] [2020-07-15T00:17:10.380Z] >>> HTTP REQUEST POST https://cloudresourcemanager.googleapis.com/v1/projects/sym-ref:testIamPermissions  
 {"permissions":["firebase.projects.get"]}
[debug] [2020-07-15T00:17:10.663Z] <<< HTTP RESPONSE 200 {"content-type":"application/json; charset=UTF-8","vary":"X-Origin, Referer, Origin,Accept-Encoding","date":"Wed, 15 Jul 2020 00:17:10 GMT","server":"ESF","cache-control":"private","x-xss-protection":"0","x-frame-options":"SAMEORIGIN","x-content-type-options":"nosniff","server-timing":"gfet4t7; dur=105","alt-svc":"h3-29=\":443\"; ma=2592000,h3-27=\":443\"; ma=2592000,h3-25=\":443\"; ma=2592000,h3-T050=\":443\"; ma=2592000,h3-Q050=\":443\"; ma=2592000,h3-Q046=\":443\"; ma=2592000,h3-Q043=\":443\"; ma=2592000,quic=\":443\"; ma=2592000; v=\"46,43\"","accept-ranges":"none","transfer-encoding":"chunked"}
[debug] [2020-07-15T00:17:10.664Z] >>> HTTP REQUEST GET https://firebase.googleapis.com/v1beta1/projects/sym-ref  
 
[debug] [2020-07-15T00:17:10.974Z] <<< HTTP RESPONSE 200 {"content-type":"application/json; charset=UTF-8","vary":"X-Origin, Referer, Origin,Accept-Encoding","date":"Wed, 15 Jul 2020 00:17:10 GMT","server":"ESF","cache-control":"private","x-xss-protection":"0","x-frame-options":"SAMEORIGIN","x-content-type-options":"nosniff","alt-svc":"h3-29=\":443\"; ma=2592000,h3-27=\":443\"; ma=2592000,h3-25=\":443\"; ma=2592000,h3-T050=\":443\"; ma=2592000,h3-Q050=\":443\"; ma=2592000,h3-Q046=\":443\"; ma=2592000,h3-Q043=\":443\"; ma=2592000,quic=\":443\"; ma=2592000; v=\"46,43\"","accept-ranges":"none","transfer-encoding":"chunked"}
[info] 
[info] === Serving from '/Users/nathanielparry/projects/sym-assets'...
[info] 
[warn] ⚠  Your requested "node" version "10" doesn't match your global version "12" {"metadata":{"emulator":{"name":"functions"},"message":"Your requested \"node\" version \"10\" doesn't match your global version \"12\""}}
[info] i  functions: Watching "/Users/nathanielparry/projects/sym-assets/functions" for Cloud Functions... {"metadata":{"emulator":{"name":"functions"},"message":"Watching \"/Users/nathanielparry/projects/sym-assets/functions\" for Cloud Functions..."}}
[debug] [2020-07-15T00:17:11.003Z] [worker-pool] addWorker(~diagnostic~) {"metadata":{"emulator":{"name":"functions"},"message":"[worker-pool] addWorker(~diagnostic~)"}}
[debug] [2020-07-15T00:17:11.003Z] [worker-pool] Adding worker with key ~diagnostic~, total=1 {"metadata":{"emulator":{"name":"functions"},"message":"[worker-pool] Adding worker with key ~diagnostic~, total=1"}}
[debug] [2020-07-15T00:17:11.003Z] [worker-pool] submitWork(triggerId=) {"metadata":{"emulator":{"name":"functions"},"message":"[worker-pool] submitWork(triggerId=)"}}
[debug] [2020-07-15T00:17:11.004Z] [worker-~diagnostic~-69dc6abb-e55b-410c-b2a2-3e24aca3df01]: Assigning socketPath: /var/folders/_3/mff_gqyx7xbfmxttfc5_yxv80000gp/T/fire_emu_41572.sock {"metadata":{"emulator":{"name":"functions"},"message":"[worker-~diagnostic~-69dc6abb-e55b-410c-b2a2-3e24aca3df01]: Assigning socketPath: /var/folders/_3/mff_gqyx7xbfmxttfc5_yxv80000gp/T/fire_emu_41572.sock"}}
[debug] [2020-07-15T00:17:11.004Z] [worker-~diagnostic~-69dc6abb-e55b-410c-b2a2-3e24aca3df01]: BUSY {"metadata":{"emulator":{"name":"functions"},"message":"[worker-~diagnostic~-69dc6abb-e55b-410c-b2a2-3e24aca3df01]: BUSY"}}
[debug] [2020-07-15T00:17:11.248Z] [runtime-status] [41572] Functions runtime initialized. {"cwd":"/Users/nathanielparry/projects/sym-assets/functions","node_version":"12.17.0"} {"metadata":{"emulator":{"name":"functions"},"message":"[runtime-status] [41572] Functions runtime initialized. {\"cwd\":\"/Users/nathanielparry/projects/sym-assets/functions\",\"node_version\":\"12.17.0\"}"}}
[debug] [2020-07-15T00:17:11.249Z] [runtime-status] [41572] Disabled runtime features: undefined {"metadata":{"emulator":{"name":"functions"},"message":"[runtime-status] [41572] Disabled runtime features: undefined"}}
[debug] [2020-07-15T00:17:11.252Z] [runtime-status] [41572] Resolved module firebase-admin {"declared":true,"installed":true,"version":"8.13.0","resolution":"/Users/nathanielparry/projects/sym-assets/functions/node_modules/firebase-admin/lib/index.js"} {"metadata":{"emulator":{"name":"functions"},"message":"[runtime-status] [41572] Resolved module firebase-admin {\"declared\":true,\"installed\":true,\"version\":\"8.13.0\",\"resolution\":\"/Users/nathanielparry/projects/sym-assets/functions/node_modules/firebase-admin/lib/index.js\"}"}}
[debug] [2020-07-15T00:17:11.254Z] [runtime-status] [41572] Resolved module firebase-functions {"declared":true,"installed":true,"version":"3.8.0","resolution":"/Users/nathanielparry/projects/sym-assets/functions/node_modules/firebase-functions/lib/index.js"} {"metadata":{"emulator":{"name":"functions"},"message":"[runtime-status] [41572] Resolved module firebase-functions {\"declared\":true,\"installed\":true,\"version\":\"3.8.0\",\"resolution\":\"/Users/nathanielparry/projects/sym-assets/functions/node_modules/firebase-functions/lib/index.js\"}"}}
[debug] [2020-07-15T00:17:11.256Z] [runtime-status] [41572] Outgoing network have been stubbed. [{"name":"http","status":"mocked"},{"name":"http","status":"mocked"},{"name":"https","status":"mocked"},{"name":"https","status":"mocked"},{"name":"net","status":"mocked"}] {"metadata":{"emulator":{"name":"functions"},"message":"[runtime-status] [41572] Outgoing network have been stubbed. [{\"name\":\"http\",\"status\":\"mocked\"},{\"name\":\"http\",\"status\":\"mocked\"},{\"name\":\"https\",\"status\":\"mocked\"},{\"name\":\"https\",\"status\":\"mocked\"},{\"name\":\"net\",\"status\":\"mocked\"}]"}}
[debug] [2020-07-15T00:17:11.256Z] [runtime-status] [41572] Resolved module firebase-functions {"declared":true,"installed":true,"version":"3.8.0","resolution":"/Users/nathanielparry/projects/sym-assets/functions/node_modules/firebase-functions/lib/index.js"} {"metadata":{"emulator":{"name":"functions"},"message":"[runtime-status] [41572] Resolved module firebase-functions {\"declared\":true,\"installed\":true,\"version\":\"3.8.0\",\"resolution\":\"/Users/nathanielparry/projects/sym-assets/functions/node_modules/firebase-functions/lib/index.js\"}"}}
[debug] [2020-07-15T00:17:11.312Z] [runtime-status] [41572] Checked functions.config() {"config":{}} {"metadata":{"emulator":{"name":"functions"},"message":"[runtime-status] [41572] Checked functions.config() {\"config\":{}}"}}
[debug] [2020-07-15T00:17:11.312Z] [runtime-status] [41572] firebase-functions has been stubbed. {"functionsResolution":{"declared":true,"installed":true,"version":"3.8.0","resolution":"/Users/nathanielparry/projects/sym-assets/functions/node_modules/firebase-functions/lib/index.js"}} {"metadata":{"emulator":{"name":"functions"},"message":"[runtime-status] [41572] firebase-functions has been stubbed. {\"functionsResolution\":{\"declared\":true,\"installed\":true,\"version\":\"3.8.0\",\"resolution\":\"/Users/nathanielparry/projects/sym-assets/functions/node_modules/firebase-functions/lib/index.js\"}}"}}
[debug] [2020-07-15T00:17:11.313Z] [runtime-status] [41572] Resolved module firebase-functions {"declared":true,"installed":true,"version":"3.8.0","resolution":"/Users/nathanielparry/projects/sym-assets/functions/node_modules/firebase-functions/lib/index.js"} {"metadata":{"emulator":{"name":"functions"},"message":"[runtime-status] [41572] Resolved module firebase-functions {\"declared\":true,\"installed\":true,\"version\":\"3.8.0\",\"resolution\":\"/Users/nathanielparry/projects/sym-assets/functions/node_modules/firebase-functions/lib/index.js\"}"}}
[debug] [2020-07-15T00:17:11.313Z] [runtime-status] [41572] Resolved module firebase-admin {"declared":true,"installed":true,"version":"8.13.0","resolution":"/Users/nathanielparry/projects/sym-assets/functions/node_modules/firebase-admin/lib/index.js"} {"metadata":{"emulator":{"name":"functions"},"message":"[runtime-status] [41572] Resolved module firebase-admin {\"declared\":true,\"installed\":true,\"version\":\"8.13.0\",\"resolution\":\"/Users/nathanielparry/projects/sym-assets/functions/node_modules/firebase-admin/lib/index.js\"}"}}
[debug] [2020-07-15T00:17:11.314Z] [runtime-status] [41572] Resolved module firebase-functions {"declared":true,"installed":true,"version":"3.8.0","resolution":"/Users/nathanielparry/projects/sym-assets/functions/node_modules/firebase-functions/lib/index.js"} {"metadata":{"emulator":{"name":"functions"},"message":"[runtime-status] [41572] Resolved module firebase-functions {\"declared\":true,\"installed\":true,\"version\":\"3.8.0\",\"resolution\":\"/Users/nathanielparry/projects/sym-assets/functions/node_modules/firebase-functions/lib/index.js\"}"}}
[debug] [2020-07-15T00:17:11.314Z] [runtime-status] [41572] firebase-admin has been stubbed. {"adminResolution":{"declared":true,"installed":true,"version":"8.13.0","resolution":"/Users/nathanielparry/projects/sym-assets/functions/node_modules/firebase-admin/lib/index.js"}} {"metadata":{"emulator":{"name":"functions"},"message":"[runtime-status] [41572] firebase-admin has been stubbed. {\"adminResolution\":{\"declared\":true,\"installed\":true,\"version\":\"8.13.0\",\"resolution\":\"/Users/nathanielparry/projects/sym-assets/functions/node_modules/firebase-admin/lib/index.js\"}}"}}
[debug] [2020-07-15T00:17:11.316Z] [worker-~diagnostic~-69dc6abb-e55b-410c-b2a2-3e24aca3df01]: IDLE {"metadata":{"emulator":{"name":"functions"},"message":"[worker-~diagnostic~-69dc6abb-e55b-410c-b2a2-3e24aca3df01]: IDLE"}}
